<?xml version="1.0" encoding="UTF-8"?>
<!-- Generated by org.testng.reporters.JUnitXMLReporter -->
<testsuite ignored="0" hostname="LAPTOP-SSL4CL94" failures="0" tests="4" name="Chrometest" time="41.738" errors="0" timestamp="2023-11-08T10:52:14 GMT">
  <testcase classname="testCases.TC_001_Account_Registration" name="Register" time="2.615"/>
  <testcase classname="testCases.TC_002_Account_Registration_Failure" name="Fail_Register" time="5.323"/>
  <testcase classname="testCases.TC_006_Shopify_Pagination" name="ClickthroughPages" time="24.689"/>
  <testcase classname="testCases.TC_007_Wishlist" name="SelectWishlistNotloggedIn" time="0.638"/>
</testsuite> <!-- Chrometest -->
