<?xml version="1.0" encoding="UTF-8"?>
<testng-results ignored="0" total="4" passed="4" failed="0" skipped="0">
  <reporter-output>
  </reporter-output>
  <suite started-at="2023-11-07T13:47:07 GMT" name="All Test Suite" finished-at="2023-11-07T13:47:54 GMT" duration-ms="46465">
    <groups>
      <group name="Negative">
        <method signature="TC_002_Account_Registration_Failure.Fail_Register()[pri:0, instance:testCases.TC_002_Account_Registration_Failure@158d2680]" name="Fail_Register" class="testCases.TC_002_Account_Registration_Failure"/>
      </group> <!-- Negative -->
      <group name="Main">
        <method signature="TC_001_Account_Registration.Register()[pri:0, instance:testCases.TC_001_Account_Registration@1d2adfbe]" name="Register" class="testCases.TC_001_Account_Registration"/>
      </group> <!-- Main -->
    </groups>
    <test started-at="2023-11-07T13:47:07 GMT" name="Chrometest" finished-at="2023-11-07T13:47:54 GMT" duration-ms="46465">
      <class name="testCases.TC_001_Account_Registration">
        <test-method is-config="true" signature="setup(java.lang.String)[pri:0, instance:testCases.TC_001_Account_Registration@1d2adfbe]" started-at="2023-11-07T13:47:07 GMT" name="setup" finished-at="2023-11-07T13:47:09 GMT" duration-ms="1874" status="PASS">
          <params>
            <param index="0">
              <value>
                <![CDATA[Chrome]]>
              </value>
            </param>
          </params>
          <reporter-output>
          </reporter-output>
        </test-method> <!-- setup -->
        <test-method signature="Register()[pri:0, instance:testCases.TC_001_Account_Registration@1d2adfbe]" started-at="2023-11-07T13:47:09 GMT" name="Register" finished-at="2023-11-07T13:47:12 GMT" duration-ms="2576" status="PASS">
          <reporter-output>
          </reporter-output>
        </test-method> <!-- Register -->
        <test-method is-config="true" signature="tearDown()[pri:0, instance:testCases.TC_001_Account_Registration@1d2adfbe]" started-at="2023-11-07T13:47:12 GMT" name="tearDown" finished-at="2023-11-07T13:47:12 GMT" duration-ms="107" status="PASS">
          <reporter-output>
          </reporter-output>
        </test-method> <!-- tearDown -->
      </class> <!-- testCases.TC_001_Account_Registration -->
      <class name="testCases.TC_002_Account_Registration_Failure">
        <test-method is-config="true" signature="setup(java.lang.String)[pri:0, instance:testCases.TC_002_Account_Registration_Failure@158d2680]" started-at="2023-11-07T13:47:12 GMT" name="setup" finished-at="2023-11-07T13:47:13 GMT" duration-ms="1079" status="PASS">
          <params>
            <param index="0">
              <value>
                <![CDATA[Chrome]]>
              </value>
            </param>
          </params>
          <reporter-output>
          </reporter-output>
        </test-method> <!-- setup -->
        <test-method signature="Fail_Register()[pri:0, instance:testCases.TC_002_Account_Registration_Failure@158d2680]" started-at="2023-11-07T13:47:13 GMT" name="Fail_Register" finished-at="2023-11-07T13:47:23 GMT" duration-ms="10426" status="PASS">
          <reporter-output>
          </reporter-output>
        </test-method> <!-- Fail_Register -->
        <test-method is-config="true" signature="tearDown()[pri:0, instance:testCases.TC_002_Account_Registration_Failure@158d2680]" started-at="2023-11-07T13:47:23 GMT" name="tearDown" finished-at="2023-11-07T13:47:23 GMT" duration-ms="125" status="PASS">
          <reporter-output>
          </reporter-output>
        </test-method> <!-- tearDown -->
      </class> <!-- testCases.TC_002_Account_Registration_Failure -->
      <class name="testCases.TC_006_Shopify_Pagination">
        <test-method is-config="true" signature="setup(java.lang.String)[pri:0, instance:testCases.TC_006_Shopify_Pagination@77847718]" started-at="2023-11-07T13:47:23 GMT" name="setup" finished-at="2023-11-07T13:47:27 GMT" duration-ms="3341" status="PASS">
          <params>
            <param index="0">
              <value>
                <![CDATA[Chrome]]>
              </value>
            </param>
          </params>
          <reporter-output>
          </reporter-output>
        </test-method> <!-- setup -->
        <test-method signature="ClickthroughPages()[pri:1, instance:testCases.TC_006_Shopify_Pagination@77847718]" started-at="2023-11-07T13:47:27 GMT" name="ClickthroughPages" finished-at="2023-11-07T13:47:52 GMT" duration-ms="24761" status="PASS">
          <reporter-output>
          </reporter-output>
        </test-method> <!-- ClickthroughPages -->
        <test-method is-config="true" signature="teadDown()[pri:0, instance:testCases.TC_006_Shopify_Pagination@77847718]" started-at="2023-11-07T13:47:52 GMT" name="teadDown" finished-at="2023-11-07T13:47:52 GMT" duration-ms="106" status="PASS">
          <reporter-output>
          </reporter-output>
        </test-method> <!-- teadDown -->
      </class> <!-- testCases.TC_006_Shopify_Pagination -->
      <class name="testCases.TC_007_Wishlist">
        <test-method is-config="true" signature="setup(java.lang.String)[pri:0, instance:testCases.TC_007_Wishlist@7f3b84b8]" started-at="2023-11-07T13:47:52 GMT" name="setup" finished-at="2023-11-07T13:47:53 GMT" duration-ms="1126" status="PASS">
          <params>
            <param index="0">
              <value>
                <![CDATA[Chrome]]>
              </value>
            </param>
          </params>
          <reporter-output>
          </reporter-output>
        </test-method> <!-- setup -->
        <test-method signature="SelectWishlistNotloggedIn()[pri:1, instance:testCases.TC_007_Wishlist@7f3b84b8]" started-at="2023-11-07T13:47:53 GMT" name="SelectWishlistNotloggedIn" finished-at="2023-11-07T13:47:53 GMT" duration-ms="699" status="PASS">
          <reporter-output>
          </reporter-output>
        </test-method> <!-- SelectWishlistNotloggedIn -->
        <test-method is-config="true" signature="tearDown()[pri:0, instance:testCases.TC_007_Wishlist@7f3b84b8]" started-at="2023-11-07T13:47:53 GMT" name="tearDown" finished-at="2023-11-07T13:47:54 GMT" duration-ms="99" status="PASS">
          <reporter-output>
          </reporter-output>
        </test-method> <!-- tearDown -->
      </class> <!-- testCases.TC_007_Wishlist -->
    </test> <!-- Chrometest -->
  </suite> <!-- All Test Suite -->
</testng-results>
