<?xml version="1.0" encoding="UTF-8"?>
<testng-results ignored="0" total="1" passed="1" failed="0" skipped="0">
  <reporter-output>
  </reporter-output>
  <suite started-at="2023-11-07T13:53:04 GMT" name="All Test Suite" finished-at="2023-11-07T13:53:12 GMT" duration-ms="7644">
    <groups>
      <group name="Negative">
        <method signature="TC_002_Account_Registration_Failure.Fail_Register()[pri:0, instance:testCases.TC_002_Account_Registration_Failure@5cee5251]" name="Fail_Register" class="testCases.TC_002_Account_Registration_Failure"/>
      </group> <!-- Negative -->
    </groups>
    <test started-at="2023-11-07T13:53:04 GMT" name="Chrometest" finished-at="2023-11-07T13:53:12 GMT" duration-ms="7644">
      <class name="testCases.TC_002_Account_Registration_Failure">
        <test-method is-config="true" signature="setup(java.lang.String)[pri:0, instance:testCases.TC_002_Account_Registration_Failure@5cee5251]" started-at="2023-11-07T13:53:04 GMT" name="setup" finished-at="2023-11-07T13:53:06 GMT" duration-ms="1948" status="PASS">
          <params>
            <param index="0">
              <value>
                <![CDATA[Chrome]]>
              </value>
            </param>
          </params>
          <reporter-output>
          </reporter-output>
        </test-method> <!-- setup -->
        <test-method signature="Fail_Register()[pri:0, instance:testCases.TC_002_Account_Registration_Failure@5cee5251]" started-at="2023-11-07T13:53:06 GMT" name="Fail_Register" finished-at="2023-11-07T13:53:11 GMT" duration-ms="5392" status="PASS">
          <reporter-output>
          </reporter-output>
        </test-method> <!-- Fail_Register -->
        <test-method is-config="true" signature="tearDown()[pri:0, instance:testCases.TC_002_Account_Registration_Failure@5cee5251]" started-at="2023-11-07T13:53:11 GMT" name="tearDown" finished-at="2023-11-07T13:53:12 GMT" duration-ms="121" status="PASS">
          <reporter-output>
          </reporter-output>
        </test-method> <!-- tearDown -->
      </class> <!-- testCases.TC_002_Account_Registration_Failure -->
    </test> <!-- Chrometest -->
  </suite> <!-- All Test Suite -->
</testng-results>
