<?xml version="1.0" encoding="UTF-8"?>
<testng-results ignored="0" total="4" passed="4" failed="0" skipped="0">
  <reporter-output>
  </reporter-output>
  <suite started-at="2023-11-08T10:51:32 GMT" name="All Test Suite" finished-at="2023-11-08T10:52:14 GMT" duration-ms="41738">
    <groups>
      <group name="Negative">
        <method signature="TC_002_Account_Registration_Failure.Fail_Register()[pri:0, instance:testCases.TC_002_Account_Registration_Failure@769e7ee8]" name="Fail_Register" class="testCases.TC_002_Account_Registration_Failure"/>
      </group> <!-- Negative -->
      <group name="Main">
        <method signature="TC_001_Account_Registration.Register()[pri:0, instance:testCases.TC_001_Account_Registration@2f112965]" name="Register" class="testCases.TC_001_Account_Registration"/>
      </group> <!-- Main -->
    </groups>
    <test started-at="2023-11-08T10:51:32 GMT" name="Chrometest" finished-at="2023-11-08T10:52:14 GMT" duration-ms="41738">
      <class name="testCases.TC_001_Account_Registration">
        <test-method is-config="true" signature="setup(java.lang.String)[pri:0, instance:testCases.TC_001_Account_Registration@2f112965]" started-at="2023-11-08T10:51:32 GMT" name="setup" finished-at="2023-11-08T10:51:35 GMT" duration-ms="2415" status="PASS">
          <params>
            <param index="0">
              <value>
                <![CDATA[Chrome]]>
              </value>
            </param>
          </params>
          <reporter-output>
          </reporter-output>
        </test-method> <!-- setup -->
        <test-method signature="Register()[pri:0, instance:testCases.TC_001_Account_Registration@2f112965]" started-at="2023-11-08T10:51:35 GMT" name="Register" finished-at="2023-11-08T10:51:37 GMT" duration-ms="2615" status="PASS">
          <reporter-output>
          </reporter-output>
        </test-method> <!-- Register -->
        <test-method is-config="true" signature="tearDown()[pri:0, instance:testCases.TC_001_Account_Registration@2f112965]" started-at="2023-11-08T10:51:37 GMT" name="tearDown" finished-at="2023-11-08T10:51:37 GMT" duration-ms="126" status="PASS">
          <reporter-output>
          </reporter-output>
        </test-method> <!-- tearDown -->
      </class> <!-- testCases.TC_001_Account_Registration -->
      <class name="testCases.TC_002_Account_Registration_Failure">
        <test-method is-config="true" signature="setup(java.lang.String)[pri:0, instance:testCases.TC_002_Account_Registration_Failure@769e7ee8]" started-at="2023-11-08T10:51:37 GMT" name="setup" finished-at="2023-11-08T10:51:39 GMT" duration-ms="1067" status="PASS">
          <params>
            <param index="0">
              <value>
                <![CDATA[Chrome]]>
              </value>
            </param>
          </params>
          <reporter-output>
          </reporter-output>
        </test-method> <!-- setup -->
        <test-method signature="Fail_Register()[pri:0, instance:testCases.TC_002_Account_Registration_Failure@769e7ee8]" started-at="2023-11-08T10:51:39 GMT" name="Fail_Register" finished-at="2023-11-08T10:51:44 GMT" duration-ms="5323" status="PASS">
          <reporter-output>
          </reporter-output>
        </test-method> <!-- Fail_Register -->
        <test-method is-config="true" signature="tearDown()[pri:0, instance:testCases.TC_002_Account_Registration_Failure@769e7ee8]" started-at="2023-11-08T10:51:44 GMT" name="tearDown" finished-at="2023-11-08T10:51:44 GMT" duration-ms="115" status="PASS">
          <reporter-output>
          </reporter-output>
        </test-method> <!-- tearDown -->
      </class> <!-- testCases.TC_002_Account_Registration_Failure -->
      <class name="testCases.TC_006_Shopify_Pagination">
        <test-method is-config="true" signature="setup(java.lang.String)[pri:0, instance:testCases.TC_006_Shopify_Pagination@5276e6b0]" started-at="2023-11-08T10:51:44 GMT" name="setup" finished-at="2023-11-08T10:51:47 GMT" duration-ms="3314" status="PASS">
          <params>
            <param index="0">
              <value>
                <![CDATA[Chrome]]>
              </value>
            </param>
          </params>
          <reporter-output>
          </reporter-output>
        </test-method> <!-- setup -->
        <test-method signature="ClickthroughPages()[pri:1, instance:testCases.TC_006_Shopify_Pagination@5276e6b0]" started-at="2023-11-08T10:51:47 GMT" name="ClickthroughPages" finished-at="2023-11-08T10:52:12 GMT" duration-ms="24689" status="PASS">
          <reporter-output>
          </reporter-output>
        </test-method> <!-- ClickthroughPages -->
        <test-method is-config="true" signature="teadDown()[pri:0, instance:testCases.TC_006_Shopify_Pagination@5276e6b0]" started-at="2023-11-08T10:52:12 GMT" name="teadDown" finished-at="2023-11-08T10:52:12 GMT" duration-ms="107" status="PASS">
          <reporter-output>
          </reporter-output>
        </test-method> <!-- teadDown -->
      </class> <!-- testCases.TC_006_Shopify_Pagination -->
      <class name="testCases.TC_007_Wishlist">
        <test-method is-config="true" signature="setup(java.lang.String)[pri:0, instance:testCases.TC_007_Wishlist@71b1176b]" started-at="2023-11-08T10:52:12 GMT" name="setup" finished-at="2023-11-08T10:52:13 GMT" duration-ms="1054" status="PASS">
          <params>
            <param index="0">
              <value>
                <![CDATA[Chrome]]>
              </value>
            </param>
          </params>
          <reporter-output>
          </reporter-output>
        </test-method> <!-- setup -->
        <test-method signature="SelectWishlistNotloggedIn()[pri:1, instance:testCases.TC_007_Wishlist@71b1176b]" started-at="2023-11-08T10:52:13 GMT" name="SelectWishlistNotloggedIn" finished-at="2023-11-08T10:52:14 GMT" duration-ms="638" status="PASS">
          <reporter-output>
          </reporter-output>
        </test-method> <!-- SelectWishlistNotloggedIn -->
        <test-method is-config="true" signature="tearDown()[pri:0, instance:testCases.TC_007_Wishlist@71b1176b]" started-at="2023-11-08T10:52:14 GMT" name="tearDown" finished-at="2023-11-08T10:52:14 GMT" duration-ms="85" status="PASS">
          <reporter-output>
          </reporter-output>
        </test-method> <!-- tearDown -->
      </class> <!-- testCases.TC_007_Wishlist -->
    </test> <!-- Chrometest -->
  </suite> <!-- All Test Suite -->
</testng-results>
