<?xml version="1.0" encoding="UTF-8"?>
<!-- Generated by org.testng.reporters.JUnitXMLReporter -->
<testsuite ignored="0" hostname="LAPTOP-SSL4CL94" failures="0" tests="4" name="Chrometest" time="46.465" errors="0" timestamp="2023-11-07T13:47:54 GMT">
  <testcase classname="testCases.TC_001_Account_Registration" name="Register" time="2.576"/>
  <testcase classname="testCases.TC_002_Account_Registration_Failure" name="Fail_Register" time="10.426"/>
  <testcase classname="testCases.TC_006_Shopify_Pagination" name="ClickthroughPages" time="24.761"/>
  <testcase classname="testCases.TC_007_Wishlist" name="SelectWishlistNotloggedIn" time="0.699"/>
</testsuite> <!-- Chrometest -->
